2022/09/30 19:10:19 [notice] 1#1: using the "epoll" event method
2022/09/30 19:10:19 [notice] 1#1: nginx/1.23.1
2022/09/30 19:10:19 [notice] 1#1: built by gcc 11.2.1 20220219 (Alpine 11.2.1_git20220219) 
2022/09/30 19:10:19 [notice] 1#1: OS: Linux 5.10.102.1-microsoft-standard-WSL2
2022/09/30 19:10:19 [notice] 1#1: getrlimit(RLIMIT_NOFILE): 1048576:1048576
2022/09/30 19:10:19 [notice] 1#1: start worker processes
2022/09/30 19:10:19 [notice] 1#1: start worker process 32
2022/09/30 19:10:19 [notice] 1#1: start worker process 33
2022/09/30 19:10:19 [notice] 1#1: start worker process 34
2022/09/30 19:10:19 [notice] 1#1: start worker process 35
2022/09/30 19:10:19 [notice] 1#1: start worker process 36
2022/09/30 19:10:19 [notice] 1#1: start worker process 37
2022/09/30 19:10:19 [notice] 1#1: start worker process 38
2022/09/30 19:10:19 [notice] 1#1: start worker process 39
2022/09/30 19:10:19 [notice] 1#1: start worker process 40
2022/09/30 19:10:19 [notice] 1#1: start worker process 41
2022/09/30 19:10:19 [notice] 1#1: start worker process 42
2022/09/30 19:10:19 [notice] 1#1: start worker process 43
2022/09/30 19:11:03 [error] 33#33: *1 open() "/usr/share/nginx/html/favicon.ico" failed (2: No such file or directory), client: 172.20.0.1, server: localhost, request: "GET /favicon.ico HTTP/1.1", host: "localhost:8088", referrer: "http://localhost:8088/"
2022/09/30 19:15:37 [notice] 1#1: using the "epoll" event method
2022/09/30 19:15:37 [notice] 1#1: nginx/1.23.1
2022/09/30 19:15:37 [notice] 1#1: built by gcc 11.2.1 20220219 (Alpine 11.2.1_git20220219) 
2022/09/30 19:15:37 [notice] 1#1: OS: Linux 5.10.102.1-microsoft-standard-WSL2
2022/09/30 19:15:37 [notice] 1#1: getrlimit(RLIMIT_NOFILE): 1048576:1048576
2022/09/30 19:15:37 [notice] 1#1: start worker processes
2022/09/30 19:15:37 [notice] 1#1: start worker process 24
2022/09/30 19:15:37 [notice] 1#1: start worker process 25
2022/09/30 19:15:37 [notice] 1#1: start worker process 26
2022/09/30 19:15:37 [notice] 1#1: start worker process 27
2022/09/30 19:15:37 [notice] 1#1: start worker process 28
2022/09/30 19:15:37 [notice] 1#1: start worker process 29
2022/09/30 19:15:37 [notice] 1#1: start worker process 30
2022/09/30 19:15:37 [notice] 1#1: start worker process 31
2022/09/30 19:15:37 [notice] 1#1: start worker process 32
2022/09/30 19:15:37 [notice] 1#1: start worker process 33
2022/09/30 19:15:37 [notice] 1#1: start worker process 34
2022/09/30 19:15:37 [notice] 1#1: start worker process 35
2022/09/30 19:53:07 [error] 26#26: *1 open() "/usr/share/nginx/html/favicon.ico" failed (2: No such file or directory), client: 172.20.0.1, server: localhost, request: "GET /favicon.ico HTTP/1.1", host: "localhost:8088", referrer: "http://localhost:8088/"
2022/09/30 19:54:14 [notice] 1#1: signal 3 (SIGQUIT) received, shutting down
2022/09/30 19:54:14 [notice] 24#24: gracefully shutting down
2022/09/30 19:54:14 [notice] 26#26: gracefully shutting down
2022/09/30 19:54:14 [notice] 25#25: gracefully shutting down
2022/09/30 19:54:14 [notice] 27#27: gracefully shutting down
2022/09/30 19:54:14 [notice] 28#28: gracefully shutting down
2022/09/30 19:54:14 [notice] 24#24: exiting
2022/09/30 19:54:14 [notice] 26#26: exiting
2022/09/30 19:54:14 [notice] 30#30: gracefully shutting down
2022/09/30 19:54:14 [notice] 29#29: gracefully shutting down
2022/09/30 19:54:14 [notice] 25#25: exiting
2022/09/30 19:54:14 [notice] 27#27: exiting
2022/09/30 19:54:14 [notice] 28#28: exiting
2022/09/30 19:54:14 [notice] 31#31: gracefully shutting down
2022/09/30 19:54:14 [notice] 32#32: gracefully shutting down
2022/09/30 19:54:14 [notice] 30#30: exiting
2022/09/30 19:54:14 [notice] 29#29: exiting
2022/09/30 19:54:14 [notice] 31#31: exiting
2022/09/30 19:54:14 [notice] 32#32: exiting
2022/09/30 19:54:14 [notice] 33#33: gracefully shutting down
2022/09/30 19:54:14 [notice] 33#33: exiting
2022/09/30 19:54:14 [notice] 26#26: exit
2022/09/30 19:54:14 [notice] 24#24: exit
2022/09/30 19:54:14 [notice] 27#27: exit
2022/09/30 19:54:14 [notice] 30#30: exit
2022/09/30 19:54:14 [notice] 28#28: exit
2022/09/30 19:54:14 [notice] 25#25: exit
2022/09/30 19:54:14 [notice] 32#32: exit
2022/09/30 19:54:14 [notice] 31#31: exit
2022/09/30 19:54:14 [notice] 29#29: exit
2022/09/30 19:54:14 [notice] 33#33: exit
2022/09/30 19:54:14 [notice] 34#34: gracefully shutting down
2022/09/30 19:54:14 [notice] 35#35: gracefully shutting down
2022/09/30 19:54:14 [notice] 34#34: exiting
2022/09/30 19:54:14 [notice] 35#35: exiting
2022/09/30 19:54:14 [notice] 34#34: exit
2022/09/30 19:54:14 [notice] 35#35: exit
2022/09/30 19:54:14 [notice] 1#1: signal 17 (SIGCHLD) received from 28
2022/09/30 19:54:14 [notice] 1#1: worker process 26 exited with code 0
2022/09/30 19:54:14 [notice] 1#1: worker process 28 exited with code 0
2022/09/30 19:54:14 [notice] 1#1: worker process 29 exited with code 0
2022/09/30 19:54:14 [notice] 1#1: worker process 30 exited with code 0
2022/09/30 19:54:14 [notice] 1#1: worker process 33 exited with code 0
2022/09/30 19:54:14 [notice] 1#1: worker process 35 exited with code 0
2022/09/30 19:54:14 [notice] 1#1: signal 29 (SIGIO) received
2022/09/30 19:54:14 [notice] 1#1: signal 17 (SIGCHLD) received from 27
2022/09/30 19:54:14 [notice] 1#1: worker process 27 exited with code 0
2022/09/30 19:54:14 [notice] 1#1: worker process 31 exited with code 0
2022/09/30 19:54:14 [notice] 1#1: signal 29 (SIGIO) received
2022/09/30 19:54:14 [notice] 1#1: signal 17 (SIGCHLD) received from 25
2022/09/30 19:54:14 [notice] 1#1: worker process 24 exited with code 0
2022/09/30 19:54:14 [notice] 1#1: worker process 25 exited with code 0
2022/09/30 19:54:14 [notice] 1#1: signal 29 (SIGIO) received
2022/09/30 19:54:14 [notice] 1#1: signal 17 (SIGCHLD) received from 24
2022/09/30 19:54:14 [notice] 1#1: signal 17 (SIGCHLD) received from 32
2022/09/30 19:54:14 [notice] 1#1: worker process 32 exited with code 0
2022/09/30 19:54:14 [notice] 1#1: worker process 34 exited with code 0
2022/09/30 19:54:14 [notice] 1#1: exit
2022/09/30 23:04:04 [notice] 1#1: using the "epoll" event method
2022/09/30 23:04:04 [notice] 1#1: nginx/1.23.1
2022/09/30 23:04:04 [notice] 1#1: built by gcc 11.2.1 20220219 (Alpine 11.2.1_git20220219) 
2022/09/30 23:04:04 [notice] 1#1: OS: Linux 5.10.102.1-microsoft-standard-WSL2
2022/09/30 23:04:04 [notice] 1#1: getrlimit(RLIMIT_NOFILE): 1048576:1048576
2022/09/30 23:04:04 [notice] 1#1: start worker processes
2022/09/30 23:04:04 [notice] 1#1: start worker process 24
2022/09/30 23:04:04 [notice] 1#1: start worker process 25
2022/09/30 23:04:04 [notice] 1#1: start worker process 26
2022/09/30 23:04:04 [notice] 1#1: start worker process 27
2022/09/30 23:04:04 [notice] 1#1: start worker process 28
2022/09/30 23:04:04 [notice] 1#1: start worker process 29
2022/09/30 23:04:04 [notice] 1#1: start worker process 30
2022/09/30 23:04:04 [notice] 1#1: start worker process 31
