# Logfile created on 2022-09-30 15:04:13 +0000 by logger.rb/v1.4.2
[2022-09-30T15:04:14+00:00] INFO: Started Chef Infra Zero at chefzero://localhost:1 with repository at /opt/gitlab/embedded (One version per cookbook)
[2022-09-30T15:04:14+00:00] INFO: *** Chef Infra Client 17.10.0 ***
[2022-09-30T15:04:14+00:00] INFO: Platform: x86_64-linux
[2022-09-30T15:04:14+00:00] INFO: Chef-client pid: 28
[2022-09-30T15:04:16+00:00] INFO: Setting the run_list to ["recipe[gitlab-ee]"] from CLI options
[2022-09-30T15:04:16+00:00] INFO: Run List is [recipe[gitlab-ee]]
[2022-09-30T15:04:16+00:00] INFO: Run List expands to [gitlab-ee]
[2022-09-30T15:04:16+00:00] INFO: Starting Chef Infra Client Run for 127.0.0.1
[2022-09-30T15:04:16+00:00] INFO: Running start handlers
[2022-09-30T15:04:16+00:00] INFO: Start handlers complete.
[2022-09-30T15:04:17+00:00] INFO: Loading cookbooks [gitlab-ee@0.0.1, package@0.1.0, gitlab@0.0.1, consul@0.1.0, patroni@0.1.0, pgbouncer@0.1.0, spamcheck@0.1.0, runit@5.1.3, logrotate@0.1.0, postgresql@0.1.0, redis@0.1.0, monitoring@0.1.0, registry@0.1.0, mattermost@0.1.0, gitaly@0.1.0, praefect@0.1.0, gitlab-kas@0.1.0, gitlab-pages@0.1.0, letsencrypt@0.1.0, nginx@0.1.0, acme@4.1.5, crond@0.1.0]
[2022-09-30T15:04:20+00:00] INFO: Skipped selecting an init system because it was explicitly disabled
[2022-09-30T15:04:21+00:00] WARN: only_if block for templatesymlink[Create a gitlab_pages_secret and create a symlink to Rails root] returned a string, did you mean to run a command?
[2022-09-30T15:04:21+00:00] WARN: only_if block for templatesymlink[Create a gitlab_kas_secret and create a symlink to Rails root] returned a string, did you mean to run a command?
[2022-09-30T15:04:22+00:00] INFO: link[/opt/gitlab/service/logrotate] created
[2022-09-30T15:04:22+00:00] INFO: link[/opt/gitlab/service/redis] created
[2022-09-30T15:04:22+00:00] INFO: link[/opt/gitlab/service/gitaly] created
[2022-09-30T15:04:23+00:00] INFO: template[/var/opt/gitlab/postgresql/data/runtime.conf] backed up to /opt/gitlab/embedded/cookbooks/cache/backup/var/opt/gitlab/postgresql/data/runtime.conf.chef-20220930150423.130952
[2022-09-30T15:04:23+00:00] INFO: template[/var/opt/gitlab/postgresql/data/runtime.conf] updated file contents /var/opt/gitlab/postgresql/data/runtime.conf
[2022-09-30T15:04:23+00:00] INFO: link[/opt/gitlab/service/postgresql] created
[2022-09-30T15:04:23+00:00] INFO: link[/opt/gitlab/service/gitlab-kas] created
[2022-09-30T15:04:23+00:00] INFO: template[/var/opt/gitlab/gitlab-rails/etc/puma.rb] backed up to /opt/gitlab/embedded/cookbooks/cache/backup/var/opt/gitlab/gitlab-rails/etc/puma.rb.chef-20220930150423.653693
[2022-09-30T15:04:23+00:00] INFO: template[/var/opt/gitlab/gitlab-rails/etc/puma.rb] updated file contents /var/opt/gitlab/gitlab-rails/etc/puma.rb
[2022-09-30T15:04:23+00:00] INFO: link[/opt/gitlab/service/puma] created
[2022-09-30T15:04:23+00:00] INFO: link[/opt/gitlab/service/sidekiq] created
[2022-09-30T15:04:23+00:00] INFO: link[/opt/gitlab/service/gitlab-workhorse] created
[2022-09-30T15:04:24+00:00] INFO: template[/var/opt/gitlab/gitlab-workhorse/config.toml] backed up to /opt/gitlab/embedded/cookbooks/cache/backup/var/opt/gitlab/gitlab-workhorse/config.toml.chef-20220930150424.126917
[2022-09-30T15:04:24+00:00] INFO: template[/var/opt/gitlab/gitlab-workhorse/config.toml] updated file contents /var/opt/gitlab/gitlab-workhorse/config.toml
[2022-09-30T15:04:24+00:00] INFO: template[/var/opt/gitlab/nginx/conf/nginx.conf] backed up to /opt/gitlab/embedded/cookbooks/cache/backup/var/opt/gitlab/nginx/conf/nginx.conf.chef-20220930150424.260343
[2022-09-30T15:04:24+00:00] INFO: template[/var/opt/gitlab/nginx/conf/nginx.conf] updated file contents /var/opt/gitlab/nginx/conf/nginx.conf
[2022-09-30T15:04:24+00:00] INFO: link[/opt/gitlab/service/nginx] created
[2022-09-30T15:04:24+00:00] INFO: link[/opt/gitlab/service/gitlab-exporter] created
[2022-09-30T15:04:24+00:00] INFO: link[/opt/gitlab/service/redis-exporter] created
[2022-09-30T15:04:24+00:00] INFO: link[/opt/gitlab/service/prometheus] created
[2022-09-30T15:04:25+00:00] INFO: link[/opt/gitlab/service/alertmanager] created
[2022-09-30T15:04:25+00:00] INFO: link[/opt/gitlab/service/postgres-exporter] created
[2022-09-30T15:04:25+00:00] INFO: template[/var/opt/gitlab/gitlab-workhorse/config.toml] sending restart action to runit_service[gitlab-workhorse] (delayed)
[2022-09-30T15:04:25+00:00] ERROR: Running exception handlers
[2022-09-30T15:04:25+00:00] ERROR: Exception handlers complete
[2022-09-30T15:04:25+00:00] FATAL: Stacktrace dumped to /opt/gitlab/embedded/cookbooks/cache/chef-stacktrace.out
[2022-09-30T15:04:25+00:00] FATAL: ---------------------------------------------------------------------------------------
[2022-09-30T15:04:25+00:00] FATAL: PLEASE PROVIDE THE CONTENTS OF THE stacktrace.out FILE (above) IF YOU FILE A BUG REPORT
[2022-09-30T15:04:25+00:00] FATAL: ---------------------------------------------------------------------------------------
[2022-09-30T15:04:25+00:00] FATAL: Mixlib::ShellOut::ShellCommandFailed: runit_service[gitlab-workhorse] (gitlab::gitlab-workhorse line 61) had an error: Mixlib::ShellOut::ShellCommandFailed: Expected process to exit with [0], but received '1'
---- Begin output of /opt/gitlab/embedded/bin/sv restart /opt/gitlab/service/gitlab-workhorse ----
STDOUT: fail: /opt/gitlab/service/gitlab-workhorse: runsv not running
STDERR: 
---- End output of /opt/gitlab/embedded/bin/sv restart /opt/gitlab/service/gitlab-workhorse ----
Ran /opt/gitlab/embedded/bin/sv restart /opt/gitlab/service/gitlab-workhorse returned 1
